This is pdfTeX, Version 3.141592653-2.6-1.40.25 (MiKTeX 23.10) (preloaded format=pdflatex 2023.10.31)  6 NOV 2023 02:47
entering extended mode
 restricted \write18 enabled.
 %&-line parsing enabled.
**./LINUS_ASSIGNMENT-1.tex
(LINUS_ASSIGNMENT-1.tex
LaTeX2e <2023-06-01> patch level 1
L3 programming layer <2023-08-29>
(C:\Users\JOHN\AppData\Local\Programs\MiKTeX\tex/latex/base\article.cls
Document Class: article 2023/05/17 v1.4n Standard LaTeX document class
(C:\Users\JOHN\AppData\Local\Programs\MiKTeX\tex/latex/base\size10.clo
File: size10.clo 2023/05/17 v1.4n Standard LaTeX file (size option)
)
\c@part=\count185
\c@section=\count186
\c@subsection=\count187
\c@subsubsection=\count188
\c@paragraph=\count189
\c@subparagraph=\count190
\c@figure=\count191
\c@table=\count192
\abovecaptionskip=\skip48
\belowcaptionskip=\skip49
\bibindent=\dimen140
)
(C:\Users\JOHN\AppData\Local\Programs\MiKTeX\tex/latex/l3backend\l3backend-pdft
ex.def
File: l3backend-pdftex.def 2023-04-19 L3 backend support: PDF output (pdfTeX)
\l__color_backend_stack_int=\count193
\l__pdf_internal_box=\box51
)
No file LINUS_ASSIGNMENT-1.aux.
\openout1 = `LINUS_ASSIGNMENT-1.aux'.

LaTeX Font Info:    Checking defaults for OML/cmm/m/it on input line 4.
LaTeX Font Info:    ... okay on input line 4.
LaTeX Font Info:    Checking defaults for OMS/cmsy/m/n on input line 4.
LaTeX Font Info:    ... okay on input line 4.
LaTeX Font Info:    Checking defaults for OT1/cmr/m/n on input line 4.
LaTeX Font Info:    ... okay on input line 4.
LaTeX Font Info:    Checking defaults for T1/cmr/m/n on input line 4.
LaTeX Font Info:    ... okay on input line 4.
LaTeX Font Info:    Checking defaults for TS1/cmr/m/n on input line 4.
LaTeX Font Info:    ... okay on input line 4.
LaTeX Font Info:    Checking defaults for OMX/cmex/m/n on input line 4.
LaTeX Font Info:    ... okay on input line 4.
LaTeX Font Info:    Checking defaults for U/cmr/m/n on input line 4.
LaTeX Font Info:    ... okay on input line 4.
[1

{C:/Users/JOHN/AppData/Local/MiKTeX/fonts/map/pdftex/pdftex.map}]
LaTeX Font Info:    Trying to load font information for TS1+cmtt on input line 
55.

(C:\Users\JOHN\AppData\Local\Programs\MiKTeX\tex/latex/base\ts1cmtt.fd
File: ts1cmtt.fd 2023/04/13 v2.5m Standard LaTeX font definitions
)
Overfull \hbox (14.9445pt too wide) in paragraph at lines 59--60
[]\OT1/cmr/m/n/10 Which of these com-mands will count the num-ber of lines in t
he file \OT1/cmtt/m/n/10 hello.txt\OT1/cmr/m/n/10 ? 
 []

[2] [3] (LINUS_ASSIGNMENT-1.aux)
 ***********
LaTeX2e <2023-06-01> patch level 1
L3 programming layer <2023-08-29>
 ***********
 ) 
Here is how much of TeX's memory you used:
 453 strings out of 475247
 9310 string characters out of 5758263
 1926785 words of memory out of 5000000
 22054 multiletter control sequences out of 15000+600000
 559447 words of font info for 41 fonts, out of 8000000 for 9000
 1141 hyphenation exceptions out of 8191
 35i,5n,50p,178b,277s stack positions out of 10000i,1000n,20000p,200000b,200000s
 <C:\Users\JOHN\AppData\Local\MiKTeX\fonts/pk/ljfour/jknappen/ec/dpi600\tctt1
000.pk><C:/Users/JOHN/AppData/Local/Programs/MiKTeX/fonts/type1/public/amsfonts
/cm/cmbx10.pfb><C:/Users/JOHN/AppData/Local/Programs/MiKTeX/fonts/type1/public/
amsfonts/cm/cmbx12.pfb><C:/Users/JOHN/AppData/Local/Programs/MiKTeX/fonts/type1
/public/amsfonts/cm/cmr10.pfb><C:/Users/JOHN/AppData/Local/Programs/MiKTeX/font
s/type1/public/amsfonts/cm/cmtt10.pfb>
Output written on LINUS_ASSIGNMENT-1.pdf (3 pages, 61879 bytes).
PDF statistics:
 37 PDF objects out of 1000 (max. 8388607)
 0 named destinations out of 1000 (max. 500000)
 1 words of extra memory for PDF output out of 10000 (max. 10000000)

