This is pdfTeX, Version 3.141592653-2.6-1.40.25 (MiKTeX 23.10) (preloaded format=pdflatex 2023.10.31)  6 NOV 2023 20:02
entering extended mode
 restricted \write18 enabled.
 %&-line parsing enabled.
**"C:/Users/JOHN/Mc-latex-file-processor/COMPUTER GRAPHICS/COMPUTER-GRAPHICS/LI
NUX-ASSINMENTS.tex/linux_ASSIGNMENT-4.tex"

(C:/Users/JOHN/Mc-latex-file-processor/COMPUTER GRAPHICS/COMPUTER-GRAPHICS/LINU
X-ASSINMENTS.tex/linux_ASSIGNMENT-4.tex
LaTeX2e <2023-06-01> patch level 1
L3 programming layer <2023-08-29>
(C:\Users\JOHN\AppData\Local\Programs\MiKTeX\tex/latex/base\article.cls
Document Class: article 2023/05/17 v1.4n Standard LaTeX document class
(C:\Users\JOHN\AppData\Local\Programs\MiKTeX\tex/latex/base\size10.clo
File: size10.clo 2023/05/17 v1.4n Standard LaTeX file (size option)
)
\c@part=\count185
\c@section=\count186
\c@subsection=\count187
\c@subsubsection=\count188
\c@paragraph=\count189
\c@subparagraph=\count190
\c@figure=\count191
\c@table=\count192
\abovecaptionskip=\skip48
\belowcaptionskip=\skip49
\bibindent=\dimen140
)

! LaTeX Error: Missing \begin{document}.

See the LaTeX manual or LaTeX Companion for explanation.
Type  H <return>  for immediate help.
 ...                                              
                                                  
l.5 \date{TODAY}T
                 
? x
 
Here is how much of TeX's memory you used:
 229 strings out of 475247
 3350 string characters out of 5758263
 1917785 words of memory out of 5000000
 21844 multiletter control sequences out of 15000+600000
 558069 words of font info for 36 fonts, out of 8000000 for 9000
 1141 hyphenation exceptions out of 8191
 35i,0n,38p,234b,36s stack positions out of 10000i,1000n,20000p,200000b,200000s
No pages of output.
PDF statistics:
 0 PDF objects out of 1000 (max. 8388607)
 0 named destinations out of 1000 (max. 500000)
 1 words of extra memory for PDF output out of 10000 (max. 10000000)

